<?xml version="1.0" encoding="UTF-8" standalone="no"?>
<testsuite errors="0" failures="1" name="io.cucumber.core.plugin.JUnitFormatter" skipped="0" tests="10" time="37.846">
    <testcase classname="User logs in saucedemo page" name="User logins with valid credential" time="6.428">
        <system-out>
            <![CDATA[Given User gets the url.....................................................passed
Then User verifies on login page............................................passed
When User enters username "standard_user"...................................passed
And User enters password "secret_sauce".....................................passed
And User clicks on login button.............................................passed
Then User verifies logs successfully........................................passed
]]>
        </system-out>
    </testcase>
    <testcase classname="User logs in saucedemo page" name="User logins with valid credential 2" time="1.335">
        <system-out>
            <![CDATA[Given User gets the url.....................................................passed
Then User verifies on login page............................................passed
When User enters username "problem_user"....................................passed
And User enters password "secret_sauce".....................................passed
And User clicks on login button.............................................passed
Then User verifies logs successfully........................................passed
]]>
        </system-out>
    </testcase>
    <testcase classname="User logs in saucedemo page" name="User logins with valid credential 3" time="6.77">
        <system-out>
            <![CDATA[Given User gets the url.....................................................passed
Then User verifies on login page............................................passed
When User enters username "performance_glitch_user".........................passed
And User enters password "secret_sauce".....................................passed
And User clicks on login button.............................................passed
Then User verifies logs successfully........................................passed
]]>
        </system-out>
    </testcase>
    <testcase classname="User logs in saucedemo page" name="User logins with valid credential 4" time="16.244">
        <failure message="no such element: Unable to locate element: {&quot;method&quot;:&quot;xpath&quot;,&quot;selector&quot;:&quot;//span[@class='title']&quot;}&#10;  (Session info: chrome=89.0.4389.128)&#10;For documentation on this error, please visit: https://www.seleniumhq.org/exceptions/no_such_element.html&#10;Build info: version: '3.141.59', revision: 'e82be7d358', time: '2018-11-14T08:17:03'&#10;System info: host: 'LT-PC', ip: '192.168.0.230', os.name: 'Windows 10', os.arch: 'amd64', os.version: '10.0', java.version: '11.0.8'&#10;Driver info: org.openqa.selenium.chrome.ChromeDriver&#10;Capabilities {acceptInsecureCerts: false, browserName: chrome, browserVersion: 89.0.4389.128, chrome: {chromedriverVersion: 89.0.4389.23 (61b08ee2c5002..., userDataDir: C:\Users\LT\AppData\Local\T...}, goog:chromeOptions: {debuggerAddress: localhost:49851}, javascriptEnabled: true, networkConnectionEnabled: false, pageLoadStrategy: normal, platform: WINDOWS, platformName: WINDOWS, proxy: Proxy(), setWindowRect: true, strictFileInteractability: false, timeouts: {implicit: 0, pageLoad: 300000, script: 30000}, unhandledPromptBehavior: dismiss and notify, webauthn:extension:largeBlob: true, webauthn:virtualAuthenticators: true}&#10;Session ID: 0028cae9103ec42d72cfbe07dbf2d70a&#10;*** Element info: {Using=xpath, value=//span[@class='title']}" type="org.openqa.selenium.NoSuchElementException">
            <![CDATA[Given User gets the url.....................................................passed
Then User verifies on login page............................................passed
When User enters username "locked_out_user".................................passed
And User enters password "secret_sauce".....................................passed
And User clicks on login button.............................................passed
Then User verifies logs successfully........................................failed

StackTrace:
org.openqa.selenium.NoSuchElementException: no such element: Unable to locate element: {"method":"xpath","selector":"//span[@class='title']"}
  (Session info: chrome=89.0.4389.128)
For documentation on this error, please visit: https://www.seleniumhq.org/exceptions/no_such_element.html
Build info: version: '3.141.59', revision: 'e82be7d358', time: '2018-11-14T08:17:03'
System info: host: 'LT-PC', ip: '192.168.0.230', os.name: 'Windows 10', os.arch: 'amd64', os.version: '10.0', java.version: '11.0.8'
Driver info: org.openqa.selenium.chrome.ChromeDriver
Capabilities {acceptInsecureCerts: false, browserName: chrome, browserVersion: 89.0.4389.128, chrome: {chromedriverVersion: 89.0.4389.23 (61b08ee2c5002..., userDataDir: C:\Users\LT\AppData\Local\T...}, goog:chromeOptions: {debuggerAddress: localhost:49851}, javascriptEnabled: true, networkConnectionEnabled: false, pageLoadStrategy: normal, platform: WINDOWS, platformName: WINDOWS, proxy: Proxy(), setWindowRect: true, strictFileInteractability: false, timeouts: {implicit: 0, pageLoad: 300000, script: 30000}, unhandledPromptBehavior: dismiss and notify, webauthn:extension:largeBlob: true, webauthn:virtualAuthenticators: true}
Session ID: 0028cae9103ec42d72cfbe07dbf2d70a
*** Element info: {Using=xpath, value=//span[@class='title']}
	at java.base/jdk.internal.reflect.NativeConstructorAccessorImpl.newInstance0(Native Method)
	at java.base/jdk.internal.reflect.NativeConstructorAccessorImpl.newInstance(NativeConstructorAccessorImpl.java:62)
	at java.base/jdk.internal.reflect.DelegatingConstructorAccessorImpl.newInstance(DelegatingConstructorAccessorImpl.java:45)
	at java.base/java.lang.reflect.Constructor.newInstance(Constructor.java:490)
	at org.openqa.selenium.remote.http.W3CHttpResponseCodec.createException(W3CHttpResponseCodec.java:187)
	at org.openqa.selenium.remote.http.W3CHttpResponseCodec.decode(W3CHttpResponseCodec.java:122)
	at org.openqa.selenium.remote.http.W3CHttpResponseCodec.decode(W3CHttpResponseCodec.java:49)
	at org.openqa.selenium.remote.HttpCommandExecutor.execute(HttpCommandExecutor.java:158)
	at org.openqa.selenium.remote.service.DriverCommandExecutor.execute(DriverCommandExecutor.java:83)
	at org.openqa.selenium.remote.RemoteWebDriver.execute(RemoteWebDriver.java:552)
	at org.openqa.selenium.remote.RemoteWebDriver.findElement(RemoteWebDriver.java:323)
	at org.openqa.selenium.remote.RemoteWebDriver.findElementByXPath(RemoteWebDriver.java:428)
	at org.openqa.selenium.By$ByXPath.findElement(By.java:353)
	at org.openqa.selenium.remote.RemoteWebDriver.findElement(RemoteWebDriver.java:315)
	at org.openqa.selenium.support.pagefactory.DefaultElementLocator.findElement(DefaultElementLocator.java:69)
	at org.openqa.selenium.support.pagefactory.internal.LocatingElementHandler.invoke(LocatingElementHandler.java:38)
	at com.sun.proxy.$Proxy19.isDisplayed(Unknown Source)
	at stepdefinitions.LoginStepDefinition.userVerifiesLogsSuccessfully(LoginStepDefinition.java:47)
	at âœ½.User verifies logs successfully(file:///C:/Users/LT/IdeaProjects/saucedemo/./src/test/resources/features/login.feature:10)
]]>
        </failure>
    </testcase>
    <testcase classname="User logs in saucedemo page" name="User logins with invalid credentials" time="1.117">
        <system-out>
            <![CDATA[Given User gets the url.....................................................passed
Then User verifies on login page............................................passed
When User enters username "standarduser"....................................passed
And User enters password "secret_sauce".....................................passed
And User clicks on login button.............................................passed
Then User verifies error message "Epic sadface: Username and password do not match any user in this service".passed
]]>
        </system-out>
    </testcase>
    <testcase classname="User logs in saucedemo page" name="User logins with invalid credentials 2" time="1.086">
        <system-out>
            <![CDATA[Given User gets the url.....................................................passed
Then User verifies on login page............................................passed
When User enters username "standar_duser"...................................passed
And User enters password "secret_sauc"......................................passed
And User clicks on login button.............................................passed
Then User verifies error message "Epic sadface: Username and password do not match any user in this service".passed
]]>
        </system-out>
    </testcase>
    <testcase classname="User logs in saucedemo page" name="User logins with invalid credentials 3" time="1.034">
        <system-out>
            <![CDATA[Given User gets the url.....................................................passed
Then User verifies on login page............................................passed
When User enters username "standarduser"....................................passed
And User enters password "secretsauce"......................................passed
And User clicks on login button.............................................passed
Then User verifies error message "Epic sadface: Username and password do not match any user in this service".passed
]]>
        </system-out>
    </testcase>
    <testcase classname="User logs in saucedemo page" name="User logins with invalid credentials 4" time="1.079">
        <system-out>
            <![CDATA[Given User gets the url.....................................................passed
Then User verifies on login page............................................passed
When User enters username ""................................................passed
And User enters password "secret_sauce".....................................passed
And User clicks on login button.............................................passed
Then User verifies error message "Epic sadface: Username is required".......passed
]]>
        </system-out>
    </testcase>
    <testcase classname="User logs in saucedemo page" name="User logins with invalid credentials 5" time="1.107">
        <system-out>
            <![CDATA[Given User gets the url.....................................................passed
Then User verifies on login page............................................passed
When User enters username "standard_user"...................................passed
And User enters password "".................................................passed
And User clicks on login button.............................................passed
Then User verifies error message "Epic sadface: Password is required".......passed
]]>
        </system-out>
    </testcase>
    <testcase classname="User logs in saucedemo page" name="User logins with invalid credentials 6" time="0.961">
        <system-out>
            <![CDATA[Given User gets the url.....................................................passed
Then User verifies on login page............................................passed
When User enters username ""................................................passed
And User enters password "".................................................passed
And User clicks on login button.............................................passed
Then User verifies error message "Epic sadface: Username is required".......passed
]]>
        </system-out>
    </testcase>
</testsuite>
